生成启动时间为 2016/12/19 17:58:00。
     1>项目“F:\C\C学习\数据库操作\TestMysql\TestMySQL.vcxproj”在节点 2 上(build 个目标)。
     1>InitializeBuildStatus:
         正在对“Debug\TestMySQL.unsuccessfulbuild”执行 Touch 任务。
       ClCompile:
         d:\Program Files (x86)\Microsoft Visual Studio 10.0\VC\bin\CL.exe /c /ZI /nologo /W3 /WX- /Od /Oy- /D WIN32 /D _DEBUG /D _CONSOLE /D _UNICODE /D UNICODE /Gm /EHsc /RTC1 /MDd /GS /fp:precise /Zc:wchar_t /Zc:forScope /Fo"Debug\\" /Fd"Debug\vc100.pdb" /Gd /TC /analyze- /errorReport:prompt connectMysql.c
         connectMysql.c
       Link:
         d:\Program Files (x86)\Microsoft Visual Studio 10.0\VC\bin\link.exe /ERRORREPORT:PROMPT /OUT:"F:\C\C学习\数据库操作\TestMysql\Debug\TestMySQL.exe" /INCREMENTAL /NOLOGO libmysql.lib kernel32.lib user32.lib gdi32.lib winspool.lib comdlg32.lib advapi32.lib shell32.lib ole32.lib oleaut32.lib uuid.lib odbc32.lib odbccp32.lib /MANIFEST:NO /DEBUG /PDB:"F:\C\C学习\数据库操作\TestMysql\Debug\TestMySQL.pdb" /SUBSYSTEM:CONSOLE /TLBID:1 /DYNAMICBASE /NXCOMPAT /IMPLIB:"F:\C\C学习\数据库操作\TestMysql\Debug\TestMySQL.lib" /MACHINE:X86 Debug\connectMysql.obj
     1>connectMysql.obj : error LNK2019: 无法解析的外部符号 _mysql_close@4，该符号在函数 _main 中被引用
     1>connectMysql.obj : error LNK2019: 无法解析的外部符号 _mysql_free_result@4，该符号在函数 _main 中被引用
     1>connectMysql.obj : error LNK2019: 无法解析的外部符号 _mysql_fetch_row@4，该符号在函数 _main 中被引用
     1>connectMysql.obj : error LNK2019: 无法解析的外部符号 _mysql_store_result@4，该符号在函数 _main 中被引用
     1>connectMysql.obj : error LNK2019: 无法解析的外部符号 _mysql_query@8，该符号在函数 _main 中被引用
     1>connectMysql.obj : error LNK2019: 无法解析的外部符号 _mysql_error@4，该符号在函数 _main 中被引用
     1>connectMysql.obj : error LNK2019: 无法解析的外部符号 _mysql_real_connect@32，该符号在函数 _main 中被引用
     1>connectMysql.obj : error LNK2019: 无法解析的外部符号 _mysql_init@4，该符号在函数 _main 中被引用
     1>F:\C\C学习\数据库操作\TestMysql\Debug\TestMySQL.exe : fatal error LNK1120: 8 个无法解析的外部命令
     1>已完成生成项目“F:\C\C学习\数据库操作\TestMysql\TestMySQL.vcxproj”(build 个目标)的操作 - 失败。

生成失败。

已用时间 00:00:03.64
